e:\code game\uit_hhqn_snakegame\snakegame\snakegame\x64\debug\vc143.pdb
e:\code game\uit_hhqn_snakegame\snakegame\snakegame\x64\debug\vc143.idb
e:\code game\uit_hhqn_snakegame\snakegame\snakegame\x64\debug\meat.obj
e:\code game\uit_hhqn_snakegame\snakegame\snakegame\x64\debug\gameplay.obj
e:\code game\uit_hhqn_snakegame\snakegame\snakegame\x64\debug\snake.obj
e:\code game\uit_hhqn_snakegame\snakegame\snakegame\x64\debug\snakegame.obj
c:\users\quoc9\onedrive\documents\github\uit_hhqn_snakegame\snakegame\x64\debug\raylib.dll
e:\code game\uit_hhqn_snakegame\snakegame\x64\debug\raylib.dll
e:\code game\uit_hhqn_snakegame\snakegame\snakegame\x64\debug\snakegame.ilk
e:\code game\uit_hhqn_snakegame\snakegame\x64\debug\snakegame.pdb
e:\code game\uit_hhqn_snakegame\snakegame\snakegame\x64\debug\snakegame.tlog\cl.command.1.tlog
e:\code game\uit_hhqn_snakegame\snakegame\snakegame\x64\debug\snakegame.tlog\cl.items.tlog
e:\code game\uit_hhqn_snakegame\snakegame\snakegame\x64\debug\snakegame.tlog\cl.read.1.tlog
e:\code game\uit_hhqn_snakegame\snakegame\snakegame\x64\debug\snakegame.tlog\cl.write.1.tlog
e:\code game\uit_hhqn_snakegame\snakegame\snakegame\x64\debug\snakegame.tlog\link-cvtres.read.1.tlog
e:\code game\uit_hhqn_snakegame\snakegame\snakegame\x64\debug\snakegame.tlog\link-cvtres.write.1.tlog
e:\code game\uit_hhqn_snakegame\snakegame\snakegame\x64\debug\snakegame.tlog\link-rc.read.1.tlog
e:\code game\uit_hhqn_snakegame\snakegame\snakegame\x64\debug\snakegame.tlog\link-rc.write.1.tlog
e:\code game\uit_hhqn_snakegame\snakegame\snakegame\x64\debug\snakegame.tlog\link.8144-cvtres.read.1.tlog
e:\code game\uit_hhqn_snakegame\snakegame\snakegame\x64\debug\snakegame.tlog\link.8144-cvtres.write.1.tlog
e:\code game\uit_hhqn_snakegame\snakegame\snakegame\x64\debug\snakegame.tlog\link.8144-rc.read.1.tlog
e:\code game\uit_hhqn_snakegame\snakegame\snakegame\x64\debug\snakegame.tlog\link.8144-rc.write.1.tlog
e:\code game\uit_hhqn_snakegame\snakegame\snakegame\x64\debug\snakegame.tlog\link.8144.read.1.tlog
e:\code game\uit_hhqn_snakegame\snakegame\snakegame\x64\debug\snakegame.tlog\link.8144.read.2.tlog
e:\code game\uit_hhqn_snakegame\snakegame\snakegame\x64\debug\snakegame.tlog\link.8144.read.3.tlog
e:\code game\uit_hhqn_snakegame\snakegame\snakegame\x64\debug\snakegame.tlog\link.8144.read.4.tlog
e:\code game\uit_hhqn_snakegame\snakegame\snakegame\x64\debug\snakegame.tlog\link.8144.write.1.tlog
e:\code game\uit_hhqn_snakegame\snakegame\snakegame\x64\debug\snakegame.tlog\link.command.1.tlog
e:\code game\uit_hhqn_snakegame\snakegame\snakegame\x64\debug\snakegame.tlog\link.read.1.tlog
e:\code game\uit_hhqn_snakegame\snakegame\snakegame\x64\debug\snakegame.tlog\link.read.2.tlog
e:\code game\uit_hhqn_snakegame\snakegame\snakegame\x64\debug\snakegame.tlog\link.read.3.tlog
e:\code game\uit_hhqn_snakegame\snakegame\snakegame\x64\debug\snakegame.tlog\link.read.4.tlog
e:\code game\uit_hhqn_snakegame\snakegame\snakegame\x64\debug\snakegame.tlog\link.secondary.1.tlog
e:\code game\uit_hhqn_snakegame\snakegame\snakegame\x64\debug\snakegame.tlog\link.write.1.tlog
e:\code game\uit_hhqn_snakegame\snakegame\snakegame\x64\debug\snakegame.tlog\snakegame.write.1u.tlog
